twentyeight/app/build/outputs/logs/manifest-merger-release-report.txt
-- Merging decision tree log ---
manifest
ADDED from src\main\AndroidManifest.xml:2:1-66:12
	package
		ADDED from src\main\AndroidManifest.xml:3:5-38
		INJECTED from src\main\AndroidManifest.xml
		INJECTED from src\main\AndroidManifest.xml
	android:versionName
		ADDED from src\main\AndroidManifest.xml:5:5-30
		INJECTED from src\main\AndroidManifest.xml
		INJECTED from src\main\AndroidManifest.xml
	android:versionCode
		ADDED from src\main\AndroidManifest.xml:4:5-28
		INJECTED from src\main\AndroidManifest.xml
		INJECTED from src\main\AndroidManifest.xml
	xmlns:android
		ADDED from src\main\AndroidManifest.xml:2:11-69
uses-sdk
ADDED from src\main\AndroidManifest.xml:7:5-9:41
MERGED from [com.android.support:appcompat-v7:22.2.1] AndroidManifest.xml:20:5-43
MERGED from [de.hdodenhof:circleimageview:1.2.1] AndroidManifest.xml:5:5-7:41
MERGED from [com.android.support:recyclerview-v7:22.0.0] AndroidManifest.xml:20:5-43
MERGED from [com.android.support:support-v4:22.2.1] AndroidManifest.xml:20:5-43
	android:targetSdkVersion
		ADDED from src\main\AndroidManifest.xml:9:9-38
		INJECTED from src\main\AndroidManifest.xml
		INJECTED from src\main\AndroidManifest.xml
	android:minSdkVersion
		ADDED from src\main\AndroidManifest.xml:8:9-35
		INJECTED from src\main\AndroidManifest.xml
		INJECTED from src\main\AndroidManifest.xml
uses-permission#android.permission.WRITE_EXTERNAL_STORAGE
ADDED from src\main\AndroidManifest.xml:11:5-81
	android:name
		ADDED from src\main\AndroidManifest.xml:11:22-78
uses-permission#android.permission.INTERNET
ADDED from src\main\AndroidManifest.xml:12:5-67
	android:name
		ADDED from src\main\AndroidManifest.xml:12:22-64
uses-permission#android.permission.ACCESS_NETWORK_STATE
ADDED from src\main\AndroidManifest.xml:13:5-79
	android:name
		ADDED from src\main\AndroidManifest.xml:13:22-76
android:uses-permission#android.permission.READ_PHONE_STATE
ADDED from src\main\AndroidManifest.xml:15:5-83
	android:name
		ADDED from src\main\AndroidManifest.xml:15:30-80
android:uses-permission#android.permission.READ_EXTERNAL_STORAGE
ADDED from src\main\AndroidManifest.xml:16:5-88
	android:name
		ADDED from src\main\AndroidManifest.xml:16:30-85
application
ADDED from src\main\AndroidManifest.xml:18:5-64:19
MERGED from [com.android.support:appcompat-v7:22.2.1] AndroidManifest.xml:22:5-20
MERGED from [de.hdodenhof:circleimageview:1.2.1] AndroidManifest.xml:9:5-20
MERGED from [com.android.support:recyclerview-v7:22.0.0] AndroidManifest.xml:22:5-26:19
MERGED from [com.android.support:support-v4:22.2.1] AndroidManifest.xml:22:5-20
	android:label
		ADDED from src\main\AndroidManifest.xml:21:9-41
	android:allowBackup
		ADDED from src\main\AndroidManifest.xml:19:9-35
	android:icon
		ADDED from src\main\AndroidManifest.xml:20:9-45
	android:theme
		ADDED from src\main\AndroidManifest.xml:22:9-40
activity#de.paulsapp.twentyeight.MainActivity
ADDED from src\main\AndroidManifest.xml:23:9-35:20
	android:screenOrientation
		ADDED from src\main\AndroidManifest.xml:27:13-49
	android:label
		ADDED from src\main\AndroidManifest.xml:26:13-45
	android:configChanges
		ADDED from src\main\AndroidManifest.xml:25:13-48
	android:name
		ADDED from src\main\AndroidManifest.xml:24:13-41
intent-filter#android.intent.action.MAIN+android.intent.category.LAUNCHER+android.intent.category.MULTIWINDOW_LAUNCHER
ADDED from src\main\AndroidManifest.xml:28:13-34:29
action#android.intent.action.MAIN
ADDED from src\main\AndroidManifest.xml:29:17-69
	android:name
		ADDED from src\main\AndroidManifest.xml:29:25-66
category#android.intent.category.LAUNCHER
ADDED from src\main\AndroidManifest.xml:31:17-77
	android:name
		ADDED from src\main\AndroidManifest.xml:31:27-74
category#android.intent.category.MULTIWINDOW_LAUNCHER
ADDED from src\main\AndroidManifest.xml:32:17-89
	android:name
		ADDED from src\main\AndroidManifest.xml:32:27-86
activity#de.paulsapp.twentyeight.LoginActivity
ADDED from src\main\AndroidManifest.xml:36:9-44:20
	android:label
		ADDED from src\main\AndroidManifest.xml:38:13-57
	android:parentActivityName
		ADDED from src\main\AndroidManifest.xml:39:13-55
	android:windowSoftInputMode
		ADDED from src\main\AndroidManifest.xml:40:13-68
	android:name
		ADDED from src\main\AndroidManifest.xml:37:13-42
meta-data#android.support.PARENT_ACTIVITY
ADDED from src\main\AndroidManifest.xml:41:13-43:72
	android:value
		ADDED from src\main\AndroidManifest.xml:43:17-69
	android:name
		ADDED from src\main\AndroidManifest.xml:42:17-63
receiver#layout.TwentyeightWidget
ADDED from src\main\AndroidManifest.xml:46:9-54:20
	android:name
		ADDED from src\main\AndroidManifest.xml:46:19-58
intent-filter#android.appwidget.action.APPWIDGET_UPDATE
ADDED from src\main\AndroidManifest.xml:47:13-49:29
action#android.appwidget.action.APPWIDGET_UPDATE
ADDED from src\main\AndroidManifest.xml:48:17-84
	android:name
		ADDED from src\main\AndroidManifest.xml:48:25-81
meta-data#android.appwidget.provider
ADDED from src\main\AndroidManifest.xml:51:13-53:67
	android:resource
		ADDED from src\main\AndroidManifest.xml:53:17-64
	android:name
		ADDED from src\main\AndroidManifest.xml:52:17-58
service#de.paulsapp.twentyeight.WidgetService
ADDED from src\main\AndroidManifest.xml:56:9-60:37
	android:enabled
		ADDED from src\main\AndroidManifest.xml:58:13-35
	android:exported
		ADDED from src\main\AndroidManifest.xml:59:13-36
	android:permission
		ADDED from src\main\AndroidManifest.xml:60:13-34
	android:name
		ADDED from src\main\AndroidManifest.xml:57:13-42
uses-library#com.sec.android.app.multiwindow
ADDED from src\main\AndroidManifest.xml:61:9-111
	android:required
		ADDED from src\main\AndroidManifest.xml:61:23-47
	android:name
		ADDED from src\main\AndroidManifest.xml:61:48-94
meta-data#com.sec.android.support.multiwindow
ADDED from src\main\AndroidManifest.xml:62:9-94
	android:value
		ADDED from src\main\AndroidManifest.xml:62:71-91
	android:name
		ADDED from src\main\AndroidManifest.xml:62:20-70
activity#android.support.v7.widget.TestActivity
ADDED from [com.android.support:recyclerview-v7:22.0.0] AndroidManifest.xml:23:9-25:56
	android:label
		ADDED from [com.android.support:recyclerview-v7:22.0.0] AndroidManifest.xml:25:13-53
	android:name
		ADDED from [com.android.support:recyclerview-v7:22.0.0] AndroidManifest.xml:24:13-66